2025-06-04T15:06:52.060+08:00  INFO 10984 --- [springboot-myproject] [main] c.e.demo.SpringbootMyprojectApplication  : Starting SpringbootMyprojectApplication using Java 17.0.15 with PID 10984 (C:\Users\NTPU\git\myproject\springboot-myproject\target\classes started by NTPU in C:\Users\NTPU\git\myproject\springboot-myproject)
2025-06-04T15:06:52.062+08:00  INFO 10984 --- [springboot-myproject] [main] c.e.demo.SpringbootMyprojectApplication  : The following 1 profile is active: "default"
2025-06-04T15:06:52.515+08:00  INFO 10984 --- [springboot-myproject] [main] .s.d.r.c.RepositoryConfigurationDelegate : Bootstrapping Spring Data JPA repositories in DEFAULT mode.
2025-06-04T15:06:52.565+08:00  INFO 10984 --- [springboot-myproject] [main] .s.d.r.c.RepositoryConfigurationDelegate : Finished Spring Data repository scanning in 44 ms. Found 4 JPA repository interfaces.
2025-06-04T15:06:52.891+08:00  INFO 10984 --- [springboot-myproject] [main] o.s.b.w.embedded.tomcat.TomcatWebServer  : Tomcat initialized with port 8081 (http)
2025-06-04T15:06:52.901+08:00  INFO 10984 --- [springboot-myproject] [main] o.apache.catalina.core.StandardService   : Starting service [Tomcat]
2025-06-04T15:06:52.901+08:00  INFO 10984 --- [springboot-myproject] [main] o.apache.catalina.core.StandardEngine    : Starting Servlet engine: [Apache Tomcat/10.1.40]
2025-06-04T15:06:52.934+08:00  INFO 10984 --- [springboot-myproject] [main] o.a.c.c.C.[Tomcat].[localhost].[/]       : Initializing Spring embedded WebApplicationContext
2025-06-04T15:06:52.934+08:00  INFO 10984 --- [springboot-myproject] [main] w.s.c.ServletWebServerApplicationContext : Root WebApplicationContext: initialization completed in 847 ms
2025-06-04T15:06:53.044+08:00  INFO 10984 --- [springboot-myproject] [main] o.hibernate.jpa.internal.util.LogHelper  : HHH000204: Processing PersistenceUnitInfo [name: default]
2025-06-04T15:06:53.092+08:00  INFO 10984 --- [springboot-myproject] [main] org.hibernate.Version                    : HHH000412: Hibernate ORM core version 6.6.13.Final
2025-06-04T15:06:53.120+08:00  INFO 10984 --- [springboot-myproject] [main] o.h.c.internal.RegionFactoryInitiator    : HHH000026: Second-level cache disabled
2025-06-04T15:06:53.318+08:00  INFO 10984 --- [springboot-myproject] [main] o.s.o.j.p.SpringPersistenceUnitInfo      : No LoadTimeWeaver setup: ignoring JPA class transformer
2025-06-04T15:06:53.340+08:00  INFO 10984 --- [springboot-myproject] [main] com.zaxxer.hikari.HikariDataSource       : HikariPool-1 - Starting...
2025-06-04T15:06:53.443+08:00  INFO 10984 --- [springboot-myproject] [main] com.zaxxer.hikari.pool.HikariPool        : HikariPool-1 - Added connection com.mysql.cj.jdbc.ConnectionImpl@1a5b7394
2025-06-04T15:06:53.445+08:00  INFO 10984 --- [springboot-myproject] [main] com.zaxxer.hikari.HikariDataSource       : HikariPool-1 - Start completed.
2025-06-04T15:06:53.504+08:00  INFO 10984 --- [springboot-myproject] [main] org.hibernate.orm.connections.pooling    : HHH10001005: Database info:
	Database JDBC URL [Connecting through datasource 'HikariDataSource (HikariPool-1)']
	Database driver: undefined/unknown
	Database version: 8.0.34
	Autocommit mode: undefined/unknown
	Isolation level: undefined/unknown
	Minimum pool size: undefined/unknown
	Maximum pool size: undefined/unknown
2025-06-04T15:06:54.161+08:00  INFO 10984 --- [springboot-myproject] [main] o.h.e.t.j.p.i.JtaPlatformInitiator       : HHH000489: No JTA platform available (set 'hibernate.transaction.jta.platform' to enable JTA platform integration)
2025-06-04T15:06:54.217+08:00  INFO 10984 --- [springboot-myproject] [main] j.LocalContainerEntityManagerFactoryBean : Initialized JPA EntityManagerFactory for persistence unit 'default'
2025-06-04T15:06:54.373+08:00  INFO 10984 --- [springboot-myproject] [main] o.s.d.j.r.query.QueryEnhancerFactory     : Hibernate is in classpath; If applicable, HQL parser will be used.
2025-06-04T15:06:54.796+08:00  WARN 10984 --- [springboot-myproject] [main] .s.s.UserDetailsServiceAutoConfiguration : 

Using generated security password: 5b17a4a8-bae0-48bd-b937-3f647bafd888

This generated password is for development use only. Your security configuration must be updated before running your application in production.

2025-06-04T15:06:54.801+08:00  INFO 10984 --- [springboot-myproject] [main] r$InitializeUserDetailsManagerConfigurer : Global AuthenticationManager configured with UserDetailsService bean with name inMemoryUserDetailsManager
2025-06-04T15:06:55.101+08:00  INFO 10984 --- [springboot-myproject] [main] o.s.b.w.embedded.tomcat.TomcatWebServer  : Tomcat started on port 8081 (http) with context path '/'
2025-06-04T15:06:55.106+08:00  INFO 10984 --- [springboot-myproject] [main] c.e.demo.SpringbootMyprojectApplication  : Started SpringbootMyprojectApplication in 3.321 seconds (process running for 3.739)
2025-06-04T16:24:28.311+08:00  INFO 10984 --- [springboot-myproject] [http-nio-8081-exec-1] o.a.c.c.C.[Tomcat].[localhost].[/]       : Initializing Spring DispatcherServlet 'dispatcherServlet'
2025-06-04T16:24:28.311+08:00  INFO 10984 --- [springboot-myproject] [http-nio-8081-exec-1] o.s.web.servlet.DispatcherServlet        : Initializing Servlet 'dispatcherServlet'
2025-06-04T16:24:28.312+08:00  INFO 10984 --- [springboot-myproject] [http-nio-8081-exec-1] o.s.web.servlet.DispatcherServlet        : Completed initialization in 1 ms
